<?xml version="1.0" encoding="UTF-8"?>
<robot generator="Robot 6.1.1 (Python 3.11.11 on linux)" generated="20260206 21:41:17.233" rpa="false" schemaversion="4">
<suite id="s1" name="Line-Vty-Rfs" source="/nso/run/packages/line-vty-rfs/tests/line-vty-rfs.robot">
<kw name="Set my HTTP Request Header" type="SETUP">
<doc>Set the headers for NSO REST requests</doc>
<kw name="Set Headers" library="REST">
<arg>{ "Authorization": "Basic YWRtaW46YWRtaW4="}</arg>
<tag>settings</tag>
<doc>*Sets new request headers or updates the existing.*</doc>
<status status="PASS" starttime="20260206 21:41:17.357" endtime="20260206 21:41:17.357"/>
</kw>
<kw name="Set Headers" library="REST">
<arg>{ "Accept": "application/yang-data+json"}</arg>
<tag>settings</tag>
<doc>*Sets new request headers or updates the existing.*</doc>
<status status="PASS" starttime="20260206 21:41:17.357" endtime="20260206 21:41:17.357"/>
</kw>
<kw name="Set Headers" library="REST">
<arg>{ "Content-type": "application/yang-data+json"}</arg>
<tag>settings</tag>
<doc>*Sets new request headers or updates the existing.*</doc>
<status status="PASS" starttime="20260206 21:41:17.357" endtime="20260206 21:41:17.357"/>
</kw>
<status status="PASS" starttime="20260206 21:41:17.357" endtime="20260206 21:41:17.358"/>
</kw>
<test id="s1-t1" name="Create line-template-vty-router-rfs" line="19">
<kw name="Get File" library="OperatingSystem">
<var>${create_acl_payload}</var>
<arg>input_create.json</arg>
<doc>Returns the contents of a specified file.</doc>
<msg timestamp="20260206 21:41:17.358" level="INFO" html="true">Getting file '&lt;a href="file:///nso/run/packages/line-vty-rfs/tests/input_create.json"&gt;/nso/run/packages/line-vty-rfs/tests/input_create.json&lt;/a&gt;'.</msg>
<msg timestamp="20260206 21:41:17.360" level="INFO">${create_acl_payload} = {
    "line-vty-rfs:line-template-vty-line-vty-rfs": [
      {
        "device": "ciscolive-iosxr-dummy-02",
        "line-template": [
          {
            "name": "test_vty_01",
            "ip-g...</msg>
<status status="PASS" starttime="20260206 21:41:17.358" endtime="20260206 21:41:17.360"/>
</kw>
<kw name="Log" library="BuiltIn">
<arg>${create_acl_payload}</arg>
<doc>Logs the given message with the given level.</doc>
<msg timestamp="20260206 21:41:17.360" level="INFO">{
    "line-vty-rfs:line-template-vty-line-vty-rfs": [
      {
        "device": "ciscolive-iosxr-dummy-02",
        "line-template": [
          {
            "name": "test_vty_01",
            "ip-group": "vty01",
            "session-timeout": "5",
            "exec-timeout": "10",
            "transport-input": "ssh",
            "transport-output": "telnet"
          }
        ]
      }
    ]
  }</msg>
<status status="PASS" starttime="20260206 21:41:17.360" endtime="20260206 21:41:17.360"/>
</kw>
<kw name="PATCH" library="REST">
<var>${result}</var>
<arg>${url_acl_service}</arg>
<arg>${create_acl_payload}</arg>
<tag>http</tag>
<doc>*Sends a PATCH request to the endpoint.*</doc>
<msg timestamp="20260206 21:41:18.104" level="INFO">/usr/local/lib/python3.11/site-packages/tzlocal/unix.py:207: UserWarning: Can not find any timezone configuration, defaulting to UTC.
  warnings.warn("Can not find any timezone configuration, defaulting to UTC.")</msg>
<msg timestamp="20260206 21:41:18.104" level="INFO">${result} = {'seconds': 0.7373569999999999, 'status': 204, 'reason': 'No Content', 'body': '', 'headers': {'Date': 'Fri, 06 Feb 2026 21:41:17 GMT', 'Last-Modified': 'Fri, 06 Feb 2026 21:41:18 GMT', 'Cache-Control...</msg>
<status status="PASS" starttime="20260206 21:41:17.360" endtime="20260206 21:41:18.105"/>
</kw>
<kw name="Log" library="BuiltIn">
<arg>${result}</arg>
<doc>Logs the given message with the given level.</doc>
<msg timestamp="20260206 21:41:18.105" level="INFO">{'seconds': 0.7373569999999999, 'status': 204, 'reason': 'No Content', 'body': '', 'headers': {'Date': 'Fri, 06 Feb 2026 21:41:17 GMT', 'Last-Modified': 'Fri, 06 Feb 2026 21:41:18 GMT', 'Cache-Control': 'private, no-cache, must-revalidate, proxy-revalidate', 'Etag': 'W/"1770-414077-396932+json"', 'Content-Type': 'text/html; charset=UTF-8', 'traceparent': '00-59d7fc51ea1aeded1da0f036929258f3-a5844bed923bffdd-01', 'Pragma': 'no-cache', 'Content-Security-Policy': "default-src 'self'; style-src 'self' 'nonce-NSO_STYLE_NONCE'; block-all-mixed-content; base-uri 'self'; frame-ancestors 'none';", 'Cross-Origin-Embedder-Policy': 'require-corp', 'Cross-Origin-Opener-Policy': 'same-origin', 'Strict-Transport-Security': 'max-age=31536000; includeSubDomains', 'X-Content-Type-Options': 'nosniff', 'X-Frame-Options': 'DENY', 'X-XSS-Protection': '1; mode=block'}}</msg>
<status status="PASS" starttime="20260206 21:41:18.105" endtime="20260206 21:41:18.105"/>
</kw>
<kw name="Run" library="OperatingSystem">
<var>${acl_cdb}</var>
<arg>echo 'show running-config devices device ${test_device_container} config line template' | ncs_cli -Cu admin</arg>
<doc>Runs the given command in the system and returns the output.</doc>
<msg timestamp="20260206 21:41:18.105" level="INFO">Running command 'echo 'show running-config devices device ciscolive-iosxr-dummy-02 config line template' | ncs_cli -Cu admin 2&gt;&amp;1'.</msg>
<msg timestamp="20260206 21:41:18.183" level="INFO">${acl_cdb} = devices device ciscolive-iosxr-dummy-02
 config
  line template test_vty_01
   access-class ingress vty01
   transport input ssh
   transport output telnet
   exec-timeout 10
   session-timeout 5
  ex...</msg>
<status status="PASS" starttime="20260206 21:41:18.105" endtime="20260206 21:41:18.183"/>
</kw>
<kw name="Get File" library="OperatingSystem">
<var>${acl_expected}</var>
<arg>expected_create.txt</arg>
<doc>Returns the contents of a specified file.</doc>
<msg timestamp="20260206 21:41:18.183" level="INFO" html="true">Getting file '&lt;a href="file:///nso/run/packages/line-vty-rfs/tests/expected_create.txt"&gt;/nso/run/packages/line-vty-rfs/tests/expected_create.txt&lt;/a&gt;'.</msg>
<msg timestamp="20260206 21:41:18.184" level="INFO">${acl_expected} = devices device ciscolive-iosxr-dummy-02
 config
  line template test_vty_01
   access-class ingress vty01
   transport input ssh
   transport output telnet
   exec-timeout 10
   session-timeout 5
  ex...</msg>
<status status="PASS" starttime="20260206 21:41:18.183" endtime="20260206 21:41:18.184"/>
</kw>
<kw name="Should Be Equal As Strings" library="BuiltIn">
<arg>${acl_cdb}</arg>
<arg>${acl_expected}</arg>
<doc>Fails if objects are unequal after converting them to strings.</doc>
<status status="PASS" starttime="20260206 21:41:18.184" endtime="20260206 21:41:18.184"/>
</kw>
<doc>Create a new line-template-vty-router-rfs entry</doc>
<status status="PASS" starttime="20260206 21:41:17.358" endtime="20260206 21:41:18.184"/>
</test>
<test id="s1-t2" name="Change line-template-vty-router-rfs" line="29">
<kw name="Get File" library="OperatingSystem">
<var>${create_acl_payload}</var>
<arg>input_change.json</arg>
<doc>Returns the contents of a specified file.</doc>
<msg timestamp="20260206 21:41:18.184" level="INFO" html="true">Getting file '&lt;a href="file:///nso/run/packages/line-vty-rfs/tests/input_change.json"&gt;/nso/run/packages/line-vty-rfs/tests/input_change.json&lt;/a&gt;'.</msg>
<msg timestamp="20260206 21:41:18.185" level="INFO">${create_acl_payload} = {
    "line-vty-rfs:line-template-vty-line-vty-rfs": [
      {
        "device": "ciscolive-iosxr-dummy-02",
        "line-template": [
          {
            "name": "test_vty_01",
            "ip-g...</msg>
<status status="PASS" starttime="20260206 21:41:18.184" endtime="20260206 21:41:18.185"/>
</kw>
<kw name="Log" library="BuiltIn">
<arg>${create_acl_payload}</arg>
<doc>Logs the given message with the given level.</doc>
<msg timestamp="20260206 21:41:18.185" level="INFO">{
    "line-vty-rfs:line-template-vty-line-vty-rfs": [
      {
        "device": "ciscolive-iosxr-dummy-02",
        "line-template": [
          {
            "name": "test_vty_01",
            "ip-group": "vty01",
            "session-timeout": "5",
            "exec-timeout": "20",
            "transport-input": "ssh",
            "transport-output": "ssh"
          }
        ]
      }
    ]
  }</msg>
<status status="PASS" starttime="20260206 21:41:18.185" endtime="20260206 21:41:18.185"/>
</kw>
<kw name="PATCH" library="REST">
<var>${result}</var>
<arg>${url_acl_service}</arg>
<arg>${create_acl_payload}</arg>
<tag>http</tag>
<doc>*Sends a PATCH request to the endpoint.*</doc>
<msg timestamp="20260206 21:41:18.523" level="INFO">${result} = {'seconds': 0.335924, 'status': 204, 'reason': 'No Content', 'body': '', 'headers': {'Date': 'Fri, 06 Feb 2026 21:41:18 GMT', 'Last-Modified': 'Fri, 06 Feb 2026 21:41:18 GMT', 'Cache-Control': 'privat...</msg>
<status status="PASS" starttime="20260206 21:41:18.185" endtime="20260206 21:41:18.523"/>
</kw>
<kw name="Log" library="BuiltIn">
<arg>${result}</arg>
<doc>Logs the given message with the given level.</doc>
<msg timestamp="20260206 21:41:18.523" level="INFO">{'seconds': 0.335924, 'status': 204, 'reason': 'No Content', 'body': '', 'headers': {'Date': 'Fri, 06 Feb 2026 21:41:18 GMT', 'Last-Modified': 'Fri, 06 Feb 2026 21:41:18 GMT', 'Cache-Control': 'private, no-cache, must-revalidate, proxy-revalidate', 'Etag': 'W/"1770-414078-210586+json"', 'Content-Type': 'text/html; charset=UTF-8', 'traceparent': '00-efbcae7d5020bccd9b6f92776d5443a4-50a68c593abf7278-01', 'Pragma': 'no-cache', 'Content-Security-Policy': "default-src 'self'; style-src 'self' 'nonce-NSO_STYLE_NONCE'; block-all-mixed-content; base-uri 'self'; frame-ancestors 'none';", 'Cross-Origin-Embedder-Policy': 'require-corp', 'Cross-Origin-Opener-Policy': 'same-origin', 'Strict-Transport-Security': 'max-age=31536000; includeSubDomains', 'X-Content-Type-Options': 'nosniff', 'X-Frame-Options': 'DENY', 'X-XSS-Protection': '1; mode=block'}}</msg>
<status status="PASS" starttime="20260206 21:41:18.523" endtime="20260206 21:41:18.523"/>
</kw>
<kw name="Run" library="OperatingSystem">
<var>${acl_cdb}</var>
<arg>echo 'show running-config devices device ${test_device_container} config line template' | ncs_cli -Cu admin</arg>
<doc>Runs the given command in the system and returns the output.</doc>
<msg timestamp="20260206 21:41:18.523" level="INFO">Running command 'echo 'show running-config devices device ciscolive-iosxr-dummy-02 config line template' | ncs_cli -Cu admin 2&gt;&amp;1'.</msg>
<msg timestamp="20260206 21:41:18.604" level="INFO">${acl_cdb} = devices device ciscolive-iosxr-dummy-02
 config
  line template test_vty_01
   access-class ingress vty01
   transport input ssh
   transport output ssh
   exec-timeout 20
   session-timeout 5
  exit
...</msg>
<status status="PASS" starttime="20260206 21:41:18.523" endtime="20260206 21:41:18.604"/>
</kw>
<kw name="Get File" library="OperatingSystem">
<var>${acl_expected}</var>
<arg>expected_change.txt</arg>
<doc>Returns the contents of a specified file.</doc>
<msg timestamp="20260206 21:41:18.604" level="INFO" html="true">Getting file '&lt;a href="file:///nso/run/packages/line-vty-rfs/tests/expected_change.txt"&gt;/nso/run/packages/line-vty-rfs/tests/expected_change.txt&lt;/a&gt;'.</msg>
<msg timestamp="20260206 21:41:18.605" level="INFO">${acl_expected} = devices device ciscolive-iosxr-dummy-02
 config
  line template test_vty_01
   access-class ingress vty01
   transport input ssh
   transport output ssh
   exec-timeout 20
   session-timeout 5
  exit
...</msg>
<status status="PASS" starttime="20260206 21:41:18.604" endtime="20260206 21:41:18.605"/>
</kw>
<kw name="Should Be Equal As Strings" library="BuiltIn">
<arg>${acl_cdb}</arg>
<arg>${acl_expected}</arg>
<doc>Fails if objects are unequal after converting them to strings.</doc>
<status status="PASS" starttime="20260206 21:41:18.605" endtime="20260206 21:41:18.605"/>
</kw>
<doc>Change an existing line-template-vty-router-rfs entry</doc>
<status status="PASS" starttime="20260206 21:41:18.184" endtime="20260206 21:41:18.605"/>
</test>
<doc>This is a very simple Robot test case intended to showcase NSO rfs CRUD interactions
Target package: router-rfs
Target service: line-template-vty-router-rfs</doc>
<status status="PASS" starttime="20260206 21:41:17.234" endtime="20260206 21:41:18.606"/>
</suite>
<statistics>
<total>
<stat pass="2" fail="0" skip="0">All Tests</stat>
</total>
<tag>
</tag>
<suite>
<stat pass="2" fail="0" skip="0" id="s1" name="Line-Vty-Rfs">Line-Vty-Rfs</stat>
</suite>
</statistics>
<errors>
</errors>
</robot>
